INFO:core:POX 0.2.0 (carp) is up.
INFO:openflow.of_01:[00-00-00-00-00-01 1] connected
INFO:thesis.base-packet-out:setting NO_FLOOD on 4 ports on new switch
INFO:thesis.base-packet-out:port <Ports: s1-eth1:1, s1-eth2:2, s1-eth3:3, s1:65534>
INFO:openflow.of_01:[00-00-00-00-00-02 2] connected
INFO:thesis.base-packet-out:setting NO_FLOOD on 3 ports on new switch
INFO:thesis.base-packet-out:port <Ports: s2-eth1:1, s2-eth2:2, s2:65534>
INFO:openflow.of_01:[00-00-00-00-00-03 3] connected
INFO:thesis.base-packet-out:setting NO_FLOOD on 3 ports on new switch
INFO:thesis.base-packet-out:port <Ports: s3-eth1:1, s3-eth2:2, s3:65534>
INFO:openflow.of_01:[00-00-00-00-00-04 4] connected
INFO:thesis.base-packet-out:setting NO_FLOOD on 4 ports on new switch
INFO:thesis.base-packet-out:port <Ports: s4-eth1:1, s4-eth2:2, s4-eth3:3, s4:65534>
INFO:openflow.discovery:link detected: 00-00-00-00-00-01.3 -> 00-00-00-00-00-03.1
INFO:openflow.discovery:link detected: 00-00-00-00-00-01.2 -> 00-00-00-00-00-02.1
INFO:openflow.discovery:link detected: 00-00-00-00-00-02.1 -> 00-00-00-00-00-01.2
INFO:openflow.discovery:link detected: 00-00-00-00-00-02.2 -> 00-00-00-00-00-04.2
INFO:openflow.discovery:link detected: 00-00-00-00-00-03.1 -> 00-00-00-00-00-01.3
INFO:openflow.discovery:link detected: 00-00-00-00-00-03.2 -> 00-00-00-00-00-04.3
INFO:openflow.discovery:link detected: 00-00-00-00-00-04.3 -> 00-00-00-00-00-03.2
INFO:thesis.statistics:switch [00-00-00-00-00-02 2]: 1 flows detected
INFO:thesis.statistics:bytes: 41, time: 5
INFO:thesis.statistics:switch [00-00-00-00-00-04 4]: 1 flows detected
INFO:thesis.statistics:bytes: 82, time: 10
INFO:thesis.statistics:switch [00-00-00-00-00-03 3]: 1 flows detected
INFO:thesis.statistics:bytes: 82, time: 15
INFO:thesis.statistics:switch [00-00-00-00-00-01 1]: 1 flows detected
INFO:thesis.statistics:bytes: 82, time: 20
INFO:openflow.discovery:link detected: 00-00-00-00-00-04.2 -> 00-00-00-00-00-02.2
INFO:openflow.spanning_tree:3 ports changed
INFO:openflow.spanning_tree:2 ports changed
INFO:openflow.spanning_tree:1 ports changed
INFO:openflow.spanning_tree:2 ports changed
INFO:thesis.statistics:switch [00-00-00-00-00-01 1]: 1 flows detected
INFO:thesis.statistics:bytes: 164, time: 25
INFO:thesis.statistics:switch [00-00-00-00-00-02 2]: 1 flows detected
INFO:thesis.statistics:bytes: 123, time: 30
INFO:thesis.statistics:switch [00-00-00-00-00-03 3]: 1 flows detected
INFO:thesis.statistics:bytes: 164, time: 35
INFO:thesis.statistics:switch [00-00-00-00-00-04 4]: 1 flows detected
INFO:thesis.statistics:bytes: 164, time: 40
INFO:thesis.statistics:switch [00-00-00-00-00-01 1]: 1 flows detected
INFO:thesis.statistics:bytes: 246, time: 45
INFO:thesis.statistics:switch [00-00-00-00-00-04 4]: 1 flows detected
INFO:thesis.statistics:bytes: 246, time: 50
INFO:thesis.statistics:switch [00-00-00-00-00-03 3]: 1 flows detected
INFO:thesis.statistics:bytes: 205, time: 55
INFO:thesis.statistics:switch [00-00-00-00-00-02 2]: 1 flows detected
INFO:thesis.statistics:bytes: 205, time: 60
INFO:thesis.statistics:switch [00-00-00-00-00-01 1]: 1 flows detected
INFO:thesis.statistics:bytes: 328, time: 65
INFO:thesis.statistics:switch [00-00-00-00-00-04 4]: 1 flows detected
INFO:thesis.statistics:bytes: 328, time: 70
INFO:thesis.statistics:switch [00-00-00-00-00-03 3]: 1 flows detected
INFO:thesis.statistics:bytes: 287, time: 75
INFO:thesis.statistics:switch [00-00-00-00-00-02 2]: 1 flows detected
INFO:thesis.statistics:bytes: 287, time: 80
INFO:openflow.of_01:[00-00-00-00-00-01 1] closed
INFO:thesis.base-packet-out:port 1 on switch 2 has been modified
INFO:thesis.base-packet-out:port 1 on switch 2 has been modified
INFO:thesis.base-packet-out:port 1 on switch 3 has been modified
INFO:thesis.base-packet-out:port 1 on switch 3 has been modified
INFO:thesis.base-packet-out:port 2 on switch 4 has been modified
INFO:thesis.base-packet-out:port 2 on switch 4 has been modified
INFO:openflow.of_01:[00-00-00-00-00-02 2] closed
INFO:openflow.spanning_tree:2 ports changed
INFO:openflow.of_01:[00-00-00-00-00-03 3] closed
INFO:thesis.base-packet-out:port 3 on switch 4 has been modified
INFO:thesis.base-packet-out:port 3 on switch 4 has been modified
INFO:openflow.of_01:[00-00-00-00-00-04 4] closed
INFO:core:POX 0.2.0 (carp) is up.
INFO:openflow.of_01:[00-00-00-00-00-01 1] connected
INFO:thesis.base-packet-out:setting NO_FLOOD on 4 ports on new switch
INFO:thesis.base-packet-out:port <Ports: s1-eth1:1, s1-eth2:2, s1-eth3:3, s1:65534>
INFO:openflow.of_01:[00-00-00-00-00-02 2] connected
INFO:thesis.base-packet-out:setting NO_FLOOD on 3 ports on new switch
INFO:thesis.base-packet-out:port <Ports: s2-eth1:1, s2-eth2:2, s2:65534>
INFO:openflow.of_01:[00-00-00-00-00-03 3] connected
INFO:thesis.base-packet-out:setting NO_FLOOD on 3 ports on new switch
INFO:thesis.base-packet-out:port <Ports: s3-eth1:1, s3-eth2:2, s3:65534>
INFO:openflow.of_01:[00-00-00-00-00-04 4] connected
INFO:thesis.base-packet-out:setting NO_FLOOD on 4 ports on new switch
INFO:thesis.base-packet-out:port <Ports: s4-eth1:1, s4-eth2:2, s4-eth3:3, s4:65534>
INFO:openflow.discovery:link detected: 00-00-00-00-00-01.3 -> 00-00-00-00-00-03.1
INFO:openflow.discovery:link detected: 00-00-00-00-00-01.2 -> 00-00-00-00-00-02.1
INFO:openflow.discovery:link detected: 00-00-00-00-00-02.1 -> 00-00-00-00-00-01.2
INFO:openflow.discovery:link detected: 00-00-00-00-00-02.2 -> 00-00-00-00-00-04.2
INFO:openflow.discovery:link detected: 00-00-00-00-00-03.1 -> 00-00-00-00-00-01.3
INFO:openflow.discovery:link detected: 00-00-00-00-00-03.2 -> 00-00-00-00-00-04.3
INFO:thesis.statistics:switch [00-00-00-00-00-01 1]: 1 flows detected
INFO:thesis.statistics:bytes: 82, time: 5
INFO:thesis.statistics:switch [00-00-00-00-00-04 4]: 1 flows detected
INFO:thesis.statistics:bytes: 82, time: 10
INFO:thesis.statistics:switch [00-00-00-00-00-03 3]: 1 flows detected
INFO:thesis.statistics:bytes: 41, time: 15
INFO:thesis.statistics:switch [00-00-00-00-00-02 2]: 1 flows detected
INFO:thesis.statistics:bytes: 41, time: 20
INFO:openflow.discovery:link detected: 00-00-00-00-00-04.3 -> 00-00-00-00-00-03.2
INFO:openflow.discovery:link detected: 00-00-00-00-00-04.2 -> 00-00-00-00-00-02.2
INFO:openflow.spanning_tree:3 ports changed
INFO:openflow.spanning_tree:2 ports changed
INFO:openflow.spanning_tree:1 ports changed
INFO:openflow.spanning_tree:2 ports changed
INFO:thesis.statistics:switch [00-00-00-00-00-01 1]: 1 flows detected
INFO:thesis.statistics:bytes: 164, time: 25
INFO:thesis.statistics:switch [00-00-00-00-00-04 4]: 1 flows detected
INFO:thesis.statistics:bytes: 164, time: 30
INFO:thesis.statistics:switch [00-00-00-00-00-03 3]: 1 flows detected
INFO:thesis.statistics:bytes: 123, time: 35
INFO:thesis.statistics:switch [00-00-00-00-00-02 2]: 1 flows detected
INFO:thesis.statistics:bytes: 123, time: 40
INFO:thesis.statistics:switch [00-00-00-00-00-01 1]: 1 flows detected
INFO:thesis.statistics:bytes: 246, time: 45
INFO:thesis.statistics:switch [00-00-00-00-00-04 4]: 1 flows detected
INFO:thesis.statistics:bytes: 246, time: 50
INFO:thesis.statistics:switch [00-00-00-00-00-03 3]: 1 flows detected
INFO:thesis.statistics:bytes: 205, time: 55
INFO:thesis.statistics:switch [00-00-00-00-00-02 2]: 1 flows detected
INFO:thesis.statistics:bytes: 205, time: 60
INFO:thesis.statistics:switch [00-00-00-00-00-01 1]: 1 flows detected
INFO:thesis.statistics:bytes: 328, time: 65
INFO:thesis.statistics:switch [00-00-00-00-00-04 4]: 1 flows detected
INFO:thesis.statistics:bytes: 287, time: 70
INFO:thesis.statistics:switch [00-00-00-00-00-03 3]: 1 flows detected
INFO:thesis.statistics:bytes: 287, time: 75
INFO:thesis.statistics:switch [00-00-00-00-00-02 2]: 1 flows detected
INFO:thesis.statistics:bytes: 287, time: 80
INFO:openflow.of_01:[00-00-00-00-00-01 1] closed
INFO:thesis.base-packet-out:port 1 on switch 3 has been modified
INFO:thesis.base-packet-out:port 1 on switch 2 has been modified
INFO:thesis.base-packet-out:port 1 on switch 2 has been modified
INFO:openflow.of_01:[00-00-00-00-00-02 2] closed
INFO:openflow.spanning_tree:2 ports changed
INFO:thesis.base-packet-out:port 2 on switch 4 has been modified
INFO:thesis.base-packet-out:port 2 on switch 4 has been modified
INFO:openflow.of_01:[00-00-00-00-00-03 3] closed
INFO:thesis.base-packet-out:port 3 on switch 4 has been modified
INFO:thesis.base-packet-out:port 3 on switch 4 has been modified
INFO:openflow.of_01:[00-00-00-00-00-04 4] closed
INFO:core:POX 0.2.0 (carp) is up.
INFO:openflow.of_01:[00-00-00-00-00-01 1] connected
INFO:thesis.base-packet-out:setting NO_FLOOD on 4 ports on new switch
INFO:thesis.base-packet-out:port <Ports: s1-eth1:1, s1-eth2:2, s1-eth3:3, s1:65534>
INFO:openflow.of_01:[00-00-00-00-00-02 2] connected
INFO:thesis.base-packet-out:setting NO_FLOOD on 3 ports on new switch
INFO:thesis.base-packet-out:port <Ports: s2-eth1:1, s2-eth2:2, s2:65534>
INFO:openflow.of_01:[00-00-00-00-00-03 3] connected
INFO:thesis.base-packet-out:setting NO_FLOOD on 3 ports on new switch
INFO:thesis.base-packet-out:port <Ports: s3-eth1:1, s3-eth2:2, s3:65534>
INFO:openflow.of_01:[00-00-00-00-00-04 4] connected
INFO:thesis.base-packet-out:setting NO_FLOOD on 4 ports on new switch
INFO:thesis.base-packet-out:port <Ports: s4-eth1:1, s4-eth2:2, s4-eth3:3, s4:65534>
INFO:openflow.discovery:link detected: 00-00-00-00-00-01.3 -> 00-00-00-00-00-03.1
INFO:openflow.discovery:link detected: 00-00-00-00-00-01.2 -> 00-00-00-00-00-02.1
INFO:openflow.discovery:link detected: 00-00-00-00-00-02.1 -> 00-00-00-00-00-01.2
INFO:openflow.discovery:link detected: 00-00-00-00-00-02.2 -> 00-00-00-00-00-04.2
INFO:openflow.discovery:link detected: 00-00-00-00-00-03.1 -> 00-00-00-00-00-01.3
INFO:openflow.discovery:link detected: 00-00-00-00-00-03.2 -> 00-00-00-00-00-04.3
INFO:openflow.discovery:link detected: 00-00-00-00-00-04.3 -> 00-00-00-00-00-03.2
INFO:thesis.statistics:switch [00-00-00-00-00-02 2]: 1 flows detected
INFO:thesis.statistics:bytes: 41, time: 5
INFO:thesis.statistics:switch [00-00-00-00-00-04 4]: 1 flows detected
INFO:thesis.statistics:bytes: 82, time: 10
INFO:thesis.statistics:switch [00-00-00-00-00-01 1]: 1 flows detected
INFO:thesis.statistics:bytes: 82, time: 15
INFO:thesis.statistics:switch [00-00-00-00-00-03 3]: 1 flows detected
INFO:thesis.statistics:bytes: 82, time: 20
INFO:openflow.discovery:link detected: 00-00-00-00-00-04.2 -> 00-00-00-00-00-02.2
INFO:openflow.spanning_tree:5 ports changed
INFO:openflow.spanning_tree:1 ports changed
INFO:openflow.spanning_tree:2 ports changed
INFO:thesis.statistics:switch [00-00-00-00-00-04 4]: 1 flows detected
INFO:thesis.statistics:bytes: 164, time: 25
INFO:thesis.statistics:switch [00-00-00-00-00-01 1]: 1 flows detected
INFO:thesis.statistics:bytes: 164, time: 30
INFO:thesis.statistics:switch [00-00-00-00-00-03 3]: 1 flows detected
INFO:thesis.statistics:bytes: 164, time: 35
INFO:thesis.statistics:switch [00-00-00-00-00-02 2]: 1 flows detected
INFO:thesis.statistics:bytes: 123, time: 40
INFO:thesis.statistics:switch [00-00-00-00-00-02 2]: 1 flows detected
INFO:thesis.statistics:bytes: 205, time: 45
INFO:thesis.statistics:switch [00-00-00-00-00-04 4]: 1 flows detected
INFO:thesis.statistics:bytes: 246, time: 50
INFO:thesis.statistics:switch [00-00-00-00-00-01 1]: 1 flows detected
INFO:thesis.statistics:bytes: 246, time: 55
INFO:thesis.statistics:switch [00-00-00-00-00-03 3]: 1 flows detected
INFO:thesis.statistics:bytes: 205, time: 60
INFO:thesis.statistics:switch [00-00-00-00-00-01 1]: 1 flows detected
INFO:thesis.statistics:bytes: 328, time: 65
INFO:thesis.statistics:switch [00-00-00-00-00-04 4]: 1 flows detected
INFO:thesis.statistics:bytes: 328, time: 70
INFO:thesis.statistics:switch [00-00-00-00-00-03 3]: 1 flows detected
INFO:thesis.statistics:bytes: 287, time: 75
INFO:thesis.statistics:switch [00-00-00-00-00-02 2]: 1 flows detected
INFO:thesis.statistics:bytes: 287, time: 80
INFO:openflow.of_01:[00-00-00-00-00-01 1] closed
INFO:thesis.base-packet-out:port 1 on switch 2 has been modified
INFO:thesis.base-packet-out:port 1 on switch 2 has been modified
INFO:thesis.base-packet-out:port 1 on switch 3 has been modified
INFO:openflow.of_01:[00-00-00-00-00-02 2] closed
INFO:openflow.spanning_tree:2 ports changed
INFO:thesis.base-packet-out:port 2 on switch 4 has been modified
INFO:thesis.base-packet-out:port 2 on switch 4 has been modified
INFO:openflow.of_01:[00-00-00-00-00-03 3] closed
INFO:thesis.base-packet-out:port 3 on switch 4 has been modified
INFO:thesis.base-packet-out:port 3 on switch 4 has been modified
INFO:openflow.of_01:[00-00-00-00-00-04 4] closed
INFO:core:POX 0.2.0 (carp) is up.
INFO:openflow.of_01:[00-00-00-00-00-01 1] connected
INFO:thesis.base-packet-out:setting NO_FLOOD on 4 ports on new switch
INFO:thesis.base-packet-out:port <Ports: s1-eth1:1, s1-eth2:2, s1-eth3:3, s1:65534>
INFO:openflow.of_01:[00-00-00-00-00-02 2] connected
INFO:thesis.base-packet-out:setting NO_FLOOD on 3 ports on new switch
INFO:thesis.base-packet-out:port <Ports: s2-eth1:1, s2-eth2:2, s2:65534>
INFO:openflow.of_01:[00-00-00-00-00-03 3] connected
INFO:thesis.base-packet-out:setting NO_FLOOD on 3 ports on new switch
INFO:thesis.base-packet-out:port <Ports: s3-eth1:1, s3-eth2:2, s3:65534>
INFO:openflow.of_01:[00-00-00-00-00-04 4] connected
INFO:thesis.base-packet-out:setting NO_FLOOD on 4 ports on new switch
INFO:thesis.base-packet-out:port <Ports: s4-eth1:1, s4-eth2:2, s4-eth3:3, s4:65534>
INFO:openflow.discovery:link detected: 00-00-00-00-00-01.3 -> 00-00-00-00-00-03.1
INFO:openflow.discovery:link detected: 00-00-00-00-00-01.2 -> 00-00-00-00-00-02.1
INFO:openflow.discovery:link detected: 00-00-00-00-00-02.1 -> 00-00-00-00-00-01.2
INFO:openflow.discovery:link detected: 00-00-00-00-00-02.2 -> 00-00-00-00-00-04.2
INFO:openflow.discovery:link detected: 00-00-00-00-00-03.1 -> 00-00-00-00-00-01.3
INFO:openflow.discovery:link detected: 00-00-00-00-00-03.2 -> 00-00-00-00-00-04.3
INFO:openflow.discovery:link detected: 00-00-00-00-00-04.3 -> 00-00-00-00-00-03.2
INFO:thesis.statistics:switch [00-00-00-00-00-01 1]: 1 flows detected
INFO:thesis.statistics:bytes: 82, time: 5
INFO:thesis.statistics:switch [00-00-00-00-00-04 4]: 1 flows detected
INFO:thesis.statistics:bytes: 82, time: 10
INFO:thesis.statistics:switch [00-00-00-00-00-03 3]: 1 flows detected
INFO:thesis.statistics:bytes: 82, time: 15
INFO:thesis.statistics:switch [00-00-00-00-00-02 2]: 1 flows detected
INFO:thesis.statistics:bytes: 41, time: 20
INFO:openflow.discovery:link detected: 00-00-00-00-00-04.2 -> 00-00-00-00-00-02.2
INFO:openflow.spanning_tree:5 ports changed
INFO:openflow.spanning_tree:1 ports changed
INFO:openflow.spanning_tree:2 ports changed
INFO:thesis.statistics:switch [00-00-00-00-00-01 1]: 1 flows detected
INFO:thesis.statistics:bytes: 164, time: 25
INFO:thesis.statistics:switch [00-00-00-00-00-04 4]: 1 flows detected
INFO:thesis.statistics:bytes: 164, time: 30
INFO:thesis.statistics:switch [00-00-00-00-00-03 3]: 1 flows detected
INFO:thesis.statistics:bytes: 164, time: 35
INFO:thesis.statistics:switch [00-00-00-00-00-02 2]: 1 flows detected
INFO:thesis.statistics:bytes: 123, time: 40
INFO:thesis.statistics:switch [00-00-00-00-00-01 1]: 1 flows detected
INFO:thesis.statistics:bytes: 246, time: 45
INFO:thesis.statistics:switch [00-00-00-00-00-04 4]: 1 flows detected
INFO:thesis.statistics:bytes: 246, time: 50
INFO:thesis.statistics:switch [00-00-00-00-00-03 3]: 1 flows detected
INFO:thesis.statistics:bytes: 246, time: 55
INFO:thesis.statistics:switch [00-00-00-00-00-02 2]: 1 flows detected
INFO:thesis.statistics:bytes: 205, time: 60
INFO:thesis.statistics:switch [00-00-00-00-00-01 1]: 1 flows detected
INFO:thesis.statistics:bytes: 328, time: 65
INFO:thesis.statistics:switch [00-00-00-00-00-04 4]: 1 flows detected
INFO:thesis.statistics:bytes: 328, time: 70
INFO:thesis.statistics:switch [00-00-00-00-00-03 3]: 1 flows detected
INFO:thesis.statistics:bytes: 287, time: 75
INFO:thesis.statistics:switch [00-00-00-00-00-02 2]: 1 flows detected
INFO:thesis.statistics:bytes: 287, time: 80
INFO:openflow.of_01:[00-00-00-00-00-01 1] closed
INFO:thesis.base-packet-out:port 1 on switch 2 has been modified
INFO:thesis.base-packet-out:port 1 on switch 2 has been modified
INFO:thesis.base-packet-out:port 1 on switch 3 has been modified
INFO:thesis.base-packet-out:port 1 on switch 3 has been modified
INFO:openflow.of_01:[00-00-00-00-00-02 2] closed
INFO:openflow.spanning_tree:2 ports changed
INFO:thesis.base-packet-out:port 2 on switch 4 has been modified
INFO:thesis.base-packet-out:port 2 on switch 4 has been modified
INFO:openflow.of_01:[00-00-00-00-00-03 3] closed
INFO:thesis.base-packet-out:port 3 on switch 4 has been modified
INFO:thesis.base-packet-out:port 3 on switch 4 has been modified
INFO:openflow.of_01:[00-00-00-00-00-04 4] closed
INFO:core:POX 0.2.0 (carp) is up.
INFO:openflow.of_01:[00-00-00-00-00-01 1] connected
INFO:thesis.base-packet-out:setting NO_FLOOD on 4 ports on new switch
INFO:thesis.base-packet-out:port <Ports: s1-eth1:1, s1-eth2:2, s1-eth3:3, s1:65534>
INFO:openflow.of_01:[00-00-00-00-00-02 2] connected
INFO:thesis.base-packet-out:setting NO_FLOOD on 3 ports on new switch
INFO:thesis.base-packet-out:port <Ports: s2-eth1:1, s2-eth2:2, s2:65534>
INFO:openflow.of_01:[00-00-00-00-00-03 3] connected
INFO:thesis.base-packet-out:setting NO_FLOOD on 3 ports on new switch
INFO:thesis.base-packet-out:port <Ports: s3-eth1:1, s3-eth2:2, s3:65534>
INFO:openflow.of_01:[00-00-00-00-00-04 4] connected
INFO:thesis.base-packet-out:setting NO_FLOOD on 4 ports on new switch
INFO:thesis.base-packet-out:port <Ports: s4-eth1:1, s4-eth2:2, s4-eth3:3, s4:65534>
INFO:openflow.discovery:link detected: 00-00-00-00-00-01.3 -> 00-00-00-00-00-03.1
INFO:openflow.discovery:link detected: 00-00-00-00-00-01.2 -> 00-00-00-00-00-02.1
INFO:openflow.discovery:link detected: 00-00-00-00-00-02.1 -> 00-00-00-00-00-01.2
INFO:openflow.discovery:link detected: 00-00-00-00-00-02.2 -> 00-00-00-00-00-04.2
INFO:openflow.discovery:link detected: 00-00-00-00-00-03.1 -> 00-00-00-00-00-01.3
INFO:openflow.discovery:link detected: 00-00-00-00-00-03.2 -> 00-00-00-00-00-04.3
INFO:openflow.discovery:link detected: 00-00-00-00-00-04.3 -> 00-00-00-00-00-03.2
INFO:thesis.statistics:switch [00-00-00-00-00-01 1]: 1 flows detected
INFO:thesis.statistics:bytes: 82, time: 5
INFO:thesis.statistics:switch [00-00-00-00-00-03 3]: 1 flows detected
INFO:thesis.statistics:bytes: 82, time: 10
INFO:thesis.statistics:switch [00-00-00-00-00-04 4]: 1 flows detected
INFO:thesis.statistics:bytes: 82, time: 15
INFO:thesis.statistics:switch [00-00-00-00-00-02 2]: 1 flows detected
INFO:thesis.statistics:bytes: 41, time: 20
INFO:openflow.discovery:link detected: 00-00-00-00-00-04.2 -> 00-00-00-00-00-02.2
INFO:openflow.spanning_tree:5 ports changed
INFO:openflow.spanning_tree:1 ports changed
INFO:openflow.spanning_tree:2 ports changed
INFO:thesis.statistics:switch [00-00-00-00-00-01 1]: 1 flows detected
INFO:thesis.statistics:bytes: 164, time: 25
INFO:thesis.statistics:switch [00-00-00-00-00-03 3]: 1 flows detected
INFO:thesis.statistics:bytes: 164, time: 30
INFO:thesis.statistics:switch [00-00-00-00-00-04 4]: 1 flows detected
INFO:thesis.statistics:bytes: 164, time: 35
INFO:thesis.statistics:switch [00-00-00-00-00-02 2]: 1 flows detected
INFO:thesis.statistics:bytes: 123, time: 40
INFO:thesis.statistics:switch [00-00-00-00-00-01 1]: 1 flows detected
INFO:thesis.statistics:bytes: 246, time: 45
INFO:thesis.statistics:switch [00-00-00-00-00-03 3]: 1 flows detected
INFO:thesis.statistics:bytes: 205, time: 50
INFO:thesis.statistics:switch [00-00-00-00-00-04 4]: 1 flows detected
INFO:thesis.statistics:bytes: 246, time: 55
INFO:thesis.statistics:switch [00-00-00-00-00-02 2]: 1 flows detected
INFO:thesis.statistics:bytes: 205, time: 60
INFO:thesis.statistics:switch [00-00-00-00-00-01 1]: 1 flows detected
INFO:thesis.statistics:bytes: 328, time: 65
INFO:thesis.statistics:switch [00-00-00-00-00-03 3]: 1 flows detected
INFO:thesis.statistics:bytes: 287, time: 70
INFO:thesis.statistics:switch [00-00-00-00-00-04 4]: 1 flows detected
INFO:thesis.statistics:bytes: 328, time: 75
INFO:thesis.statistics:switch [00-00-00-00-00-02 2]: 1 flows detected
INFO:thesis.statistics:bytes: 287, time: 80
INFO:openflow.of_01:[00-00-00-00-00-01 1] closed
INFO:thesis.base-packet-out:port 1 on switch 2 has been modified
INFO:thesis.base-packet-out:port 1 on switch 2 has been modified
INFO:thesis.base-packet-out:port 1 on switch 3 has been modified
INFO:thesis.base-packet-out:port 1 on switch 3 has been modified
INFO:openflow.of_01:[00-00-00-00-00-02 2] closed
INFO:openflow.spanning_tree:2 ports changed
INFO:thesis.base-packet-out:port 2 on switch 4 has been modified
INFO:thesis.base-packet-out:port 2 on switch 4 has been modified
INFO:openflow.of_01:[00-00-00-00-00-03 3] closed
INFO:thesis.base-packet-out:port 3 on switch 4 has been modified
INFO:thesis.base-packet-out:port 3 on switch 4 has been modified
INFO:openflow.of_01:[00-00-00-00-00-04 4] closed
