This is pdfTeXk, Version 3.141592-1.40.3 (Web2C 7.5.6) (format=pdflatex 2012.9.9)  15 OCT 2012 12:55
entering extended mode
 %&-line parsing enabled.
**ass4.tex
(./ass4.tex
LaTeX2e <2005/12/01>
Babel <v3.8h> and hyphenation patterns for english, usenglishmax, dumylang, noh
yphenation, arabic, basque, bulgarian, coptic, welsh, czech, slovak, german, ng
erman, danish, esperanto, spanish, catalan, galician, estonian, farsi, finnish,
 french, greek, monogreek, ancientgreek, croatian, hungarian, interlingua, ibyc
us, indonesian, icelandic, italian, latin, mongolian, dutch, norsk, polish, por
tuguese, pinyin, romanian, russian, slovenian, uppersorbian, serbian, swedish, 
turkish, ukenglish, ukrainian, loaded.
(/usr/share/texmf/tex/latex/base/report.cls
Document Class: report 2005/09/16 v1.4f Standard LaTeX document class
(/usr/share/texmf/tex/latex/base/size12.clo
File: size12.clo 2005/09/16 v1.4f Standard LaTeX file (size option)
)
\c@part=\count79
\c@chapter=\count80
\c@section=\count81
\c@subsection=\count82
\c@subsubsection=\count83
\c@paragraph=\count84
\c@subparagraph=\count85
\c@figure=\count86
\c@table=\count87
\abovecaptionskip=\skip41
\belowcaptionskip=\skip42
\bibindent=\dimen102
)
(/usr/share/texmf/tex/latex/graphics/graphicx.sty
Package: graphicx 1999/02/16 v1.0f Enhanced LaTeX Graphics (DPC,SPQR)

(/usr/share/texmf/tex/latex/graphics/keyval.sty
Package: keyval 1999/03/16 v1.13 key=value parser (DPC)
\KV@toks@=\toks14
)
(/usr/share/texmf/tex/latex/graphics/graphics.sty
Package: graphics 2006/02/20 v1.0o Standard LaTeX Graphics (DPC,SPQR)

(/usr/share/texmf/tex/latex/graphics/trig.sty
Package: trig 1999/03/16 v1.09 sin cos tan (DPC)
)
(/usr/share/texmf/tex/latex/config/graphics.cfg
File: graphics.cfg 2007/01/18 v1.5 graphics configuration of teTeX/TeXLive
)
Package graphics Info: Driver file: pdftex.def on input line 90.

(/usr/share/texmf/tex/latex/pdftex-def/pdftex.def
File: pdftex.def 2007/01/08 v0.04d Graphics/color for pdfTeX
\Gread@gobject=\count88
))
\Gin@req@height=\dimen103
\Gin@req@width=\dimen104
)
(/usr/share/texmf/tex/latex/amsmath/amsmath.sty
Package: amsmath 2000/07/18 v2.13 AMS math features
\@mathmargin=\skip43

For additional information on amsmath, use the `?' option.
(/usr/share/texmf/tex/latex/amsmath/amstext.sty
Package: amstext 2000/06/29 v2.01

(/usr/share/texmf/tex/latex/amsmath/amsgen.sty
File: amsgen.sty 1999/11/30 v2.0
\@emptytoks=\toks15
\ex@=\dimen105
))
(/usr/share/texmf/tex/latex/amsmath/amsbsy.sty
Package: amsbsy 1999/11/29 v1.2d
\pmbraise@=\dimen106
)
(/usr/share/texmf/tex/latex/amsmath/amsopn.sty
Package: amsopn 1999/12/14 v2.01 operator names
)
\inf@bad=\count89
LaTeX Info: Redefining \frac on input line 211.
\uproot@=\count90
\leftroot@=\count91
LaTeX Info: Redefining \overline on input line 307.
\classnum@=\count92
\DOTSCASE@=\count93
LaTeX Info: Redefining \ldots on input line 379.
LaTeX Info: Redefining \dots on input line 382.
LaTeX Info: Redefining \cdots on input line 467.
\Mathstrutbox@=\box26
\strutbox@=\box27
\big@size=\dimen107
LaTeX Font Info:    Redeclaring font encoding OML on input line 567.
LaTeX Font Info:    Redeclaring font encoding OMS on input line 568.
\macc@depth=\count94
\c@MaxMatrixCols=\count95
\dotsspace@=\muskip10
\c@parentequation=\count96
\dspbrk@lvl=\count97
\tag@help=\toks16
\row@=\count98
\column@=\count99
\maxfields@=\count100
\andhelp@=\toks17
\eqnshift@=\dimen108
\alignsep@=\dimen109
\tagshift@=\dimen110
\tagwidth@=\dimen111
\totwidth@=\dimen112
\lineht@=\dimen113
\@envbody=\toks18
\multlinegap=\skip44
\multlinetaggap=\skip45
\mathdisplay@stack=\toks19
LaTeX Info: Redefining \[ on input line 2666.
LaTeX Info: Redefining \] on input line 2667.
)
(/usr/share/texmf/tex/latex/preprint/fullpage.sty
Package: fullpage 1999/02/23 1.1 (PWD)
\FP@margin=\skip46
)
(/usr/share/texmf/tex/latex/ltxmisc/parskip.sty
Package: parskip 2001/04/09 non-zero parskip adjustments
)
(/usr/share/texmf/tex/latex/amsfonts/amssymb.sty
Package: amssymb 2002/01/22 v2.2d

(/usr/share/texmf/tex/latex/amsfonts/amsfonts.sty
Package: amsfonts 2001/10/25 v2.2f
\symAMSa=\mathgroup4
\symAMSb=\mathgroup5
LaTeX Font Info:    Overwriting math alphabet `\mathfrak' in version `bold'
(Font)                  U/euf/m/n --> U/euf/b/n on input line 132.
))
(/usr/share/texmf/tex/latex/base/alltt.sty
Package: alltt 1997/06/16 v2.0g defines alltt environment
)
(/usr/share/texmf/tex/latex/listings/listings.sty
\lst@mode=\count101
\lst@gtempboxa=\box28
\lst@token=\toks20
\lst@length=\count102
\lst@currlwidth=\dimen114
\lst@column=\count103
\lst@pos=\count104
\lst@lostspace=\dimen115
\lst@width=\dimen116
\lst@newlines=\count105
\lst@lineno=\count106
\c@lstlisting=\count107
\lst@maxwidth=\dimen117

(/usr/share/texmf/tex/latex/listings/lstpatch.sty
File: lstpatch.sty 2004/10/17 1.3b (Carsten Heinz)
)
(/usr/share/texmf/tex/latex/listings/lstmisc.sty
File: lstmisc.sty 2004/09/07 1.3 (Carsten Heinz)
\c@lstnumber=\count108
\lst@skipnumbers=\count109
\lst@framebox=\box29
)
(/usr/share/texmf/tex/latex/listings/listings.cfg
File: listings.cfg 2004/09/05 1.3 listings configuration
))
Package: listings 2004/10/17 1.3b (Carsten Heinz)

(/usr/share/texmf/tex/latex/psnfss/palatino.sty
Package: palatino 2005/04/12 PSNFSS-v9.2a (SPQR) 
) (./ass4.aux)
\openout1 = `ass4.aux'.

LaTeX Font Info:    Checking defaults for OML/cmm/m/it on input line 15.
LaTeX Font Info:    ... okay on input line 15.
LaTeX Font Info:    Checking defaults for T1/cmr/m/n on input line 15.
LaTeX Font Info:    ... okay on input line 15.
LaTeX Font Info:    Checking defaults for OT1/cmr/m/n on input line 15.
LaTeX Font Info:    ... okay on input line 15.
LaTeX Font Info:    Checking defaults for OMS/cmsy/m/n on input line 15.
LaTeX Font Info:    ... okay on input line 15.
LaTeX Font Info:    Checking defaults for OMX/cmex/m/n on input line 15.
LaTeX Font Info:    ... okay on input line 15.
LaTeX Font Info:    Checking defaults for U/cmr/m/n on input line 15.
LaTeX Font Info:    ... okay on input line 15.
LaTeX Font Info:    Try loading font information for OT1+ppl on input line 15.

(/usr/share/texmf/tex/latex/psnfss/ot1ppl.fd
File: ot1ppl.fd 2001/06/04 font definitions for OT1/ppl.
)
LaTeX Font Info:    Font shape `OT1/ppl/bx/n' in size <17.28> not available
(Font)              Font shape `OT1/ppl/b/n' tried instead on input line 21.
LaTeX Font Info:    Font shape `OT1/ppl/bx/n' in size <12> not available
(Font)              Font shape `OT1/ppl/b/n' tried instead on input line 23.
LaTeX Font Info:    Try loading font information for OMS+ppl on input line 30.

(/usr/share/texmf/tex/latex/psnfss/omsppl.fd
File: omsppl.fd 
)
LaTeX Font Info:    Font shape `OMS/ppl/m/n' in size <12> not available
(Font)              Font shape `OMS/cmsy/m/n' tried instead on input line 30.
LaTeX Font Info:    Try loading font information for OT1+pcr on input line 30.

(/usr/share/texmf/tex/latex/psnfss/ot1pcr.fd
File: ot1pcr.fd 2001/06/04 font definitions for OT1/pcr.
)
Overfull \hbox (22.2319pt too wide) in paragraph at lines 37--37
[]\OT1/pcr/m/n/12 inet 137.43.68.127  netmask 255.255.255.0  broadcast 137.43.6
8.255[] 
 []


Overfull \hbox (7.83191pt too wide) in paragraph at lines 38--38
[]\OT1/pcr/m/n/12 inet6 fe80::2b9:a5ff:fed2:cfbb  prefixlen 64  scopeid 0x20<li
nk>[] 
 []


Overfull \hbox (101.43187pt too wide) in paragraph at lines 47--47
[]\OT1/pcr/m/n/12 Destination     Gateway         Genmask         Flags Metric 
Ref    Use Iface[] 
 []


Overfull \hbox (101.43187pt too wide) in paragraph at lines 48--48
[]\OT1/pcr/m/n/12 0.0.0.0         137.43.68.1     0.0.0.0         UG    0      
0        0 wlan0[] 
 []


Overfull \hbox (101.43187pt too wide) in paragraph at lines 49--49
[]\OT1/pcr/m/n/12 137.43.68.0     0.0.0.0         255.255.255.0   U     0      
0        0 wlan0[] 
 []


Overfull \hbox (87.03188pt too wide) in paragraph at lines 69--69
[]\OT1/pcr/m/n/12 where  OBJECT :=  link | addr | addrlabel | route | rule | ne
igh | ntable |[] 
 []


Overfull \hbox (108.63187pt too wide) in paragraph at lines 70--70
[]                   \OT1/pcr/m/n/12 tunnel | tuntap | maddr | mroute | mrule |
 monitor | xfrm |[] 
 []

[1

{/usr/share/texmf/fonts/map/pdftex/updmap/pdftex.map}]
Overfull \hbox (72.63188pt too wide) in paragraph at lines 72--72
[]       \OT1/pcr/m/n/12 OPTIONS :=  -V[ersion] | -s[tatistics] | -d[etails] | 
-r[esolve] |[] 
 []


Overfull \hbox (22.2319pt too wide) in paragraph at lines 73--73
[]                    \OT1/pcr/m/n/12 -f[amily]  inet | inet6 | ipx | dnet | li
nk  |[] 
 []


Overfull \hbox (43.8319pt too wide) in paragraph at lines 75--75
[]                    \OT1/pcr/m/n/12 -o[neline] | -t[imestamp] | -b[atch] [fil
ename] |[] 
 []


Overfull \hbox (173.43184pt too wide) in paragraph at lines 77--77
[]                                                                             
          [] 
 []


Overfull \hbox (29.4319pt too wide) in paragraph at lines 83--83
[]\OT1/pcr/m/n/12 1: lo: <LOOPBACK,UP,LOWER_UP> mtu 16436 qdisc noqueue state U
NKNOWN[] 
 []


Overfull \hbox (123.03186pt too wide) in paragraph at lines 88--88
[]\OT1/pcr/m/n/12 2: wlan0: <BROADCAST,MULTICAST,UP,LOWER_UP> mtu 1500 qdisc mq
 state UP qlen 1000[] 
 []


Overfull \hbox (43.8319pt too wide) in paragraph at lines 101--101
[]\OT1/pcr/m/n/12 137.43.68.0/24 dev wlan0  proto kernel  scope link  src 137.4
3.68.127[] 
 []

[2]
Overfull \hbox (9.24411pt too wide) in paragraph at lines 110--111
[]\OT1/ppl/m/n/12 Before re-con-fig-u-ra-tion, my Ubuntu VM's IP ad-dress is []
\OT1/pcr/m/n/12 10.0.2.15 \OT1/ppl/m/n/12 (as-sign-ment 1). 
 []


Overfull \hbox (7.83191pt too wide) in paragraph at lines 143--143
[]\OT1/pcr/m/n/12 5 packets transmitted, 0 received, 100% packet loss, time 403
3ms[] 
 []

[3] <start.png, id=15, 1606.0pt x 903.375pt>
File: start.png Graphic file (type png)
 <use start.png>
Overfull \hbox (30.0pt too wide) in paragraph at lines 176--177
[][] 
 []


Overfull \hbox (0.63191pt too wide) in paragraph at lines 185--185
[]\OT1/pcr/m/n/12 5 packets transmitted, 4 received, 20% packet loss, time 4004
ms[] 
 []

[4 <./start.png (PNG copy)>] <found.png, id=19, 1606.0pt x 903.375pt>
File: found.png Graphic file (type png)

<use found.png>
Overfull \hbox (30.0pt too wide) in paragraph at lines 193--194
[][] 
 []


Overfull \hbox (20.45258pt too wide) in paragraph at lines 195--196
[]\OT1/ppl/m/n/12 You can also see the 5 pings and re-sponses be-tween the sour
ce ma-chine ([]\OT1/pcr/m/n/12 137.43.68.127\OT1/ppl/m/n/12 )
 []

<search.png, id=20, 1606.0pt x 903.375pt>
File: search.png Graphic file (type png)
 <use search.png>
Overfull \hbox (30.0pt too wide) in paragraph at lines 197--198
[][] 
 []

[5 <./found.png (PNG copy)> <./search.png (PNG copy)>] (./ass4.aux) ) 
Here is how much of TeX's memory you used:
 2764 strings out of 256216
 35430 string characters out of 1917073
 88306 words of memory out of 1500000
 6041 multiletter control sequences out of 10000+200000
 8217 words of font info for 25 fonts, out of 1200000 for 2000
 645 hyphenation exceptions out of 8191
 27i,5n,32p,442b,249s stack positions out of 5000i,500n,6000p,200000b,15000s
{/usr/shar
e/texmf/fonts/enc/dvips/base/8r.enc}</usr/share/texmf/fonts/type1/bluesky/cm/cm
sy10.pfb></usr/share/texmf/fonts/type1/urw/courier/ucrr8a.pfb></usr/share/texmf
/fonts/type1/urw/palatino/uplb8a.pfb></usr/share/texmf/fonts/type1/urw/palatino
/uplr8a.pfb>
Output written on ass4.pdf (5 pages, 461397 bytes).
PDF statistics:
 38 PDF objects out of 1000 (max. 8388607)
 0 named destinations out of 1000 (max. 131072)
 16 words of extra memory for PDF output out of 10000 (max. 10000000)

